Tue Sep 11 21:42:59 2018 INFO [11/Sep/2018:21:42:59 -0700] "GET / HTTP/1.1"  "-" "Mozilla/5.0 (X11; FreeBSD amd64; rv:60.0) Gecko/20100101 Firefox/60.0" 
Tue Sep 11 21:43:01 2018 INFO message could not be parsed
Tue Sep 11 21:43:01 2018 INFO 1
Tue Sep 11 21:43:01 2018 INFO message could not be parsed
Tue Sep 11 21:43:01 2018 INFO 1
Tue Sep 11 21:43:02 2018 INFO message could not be parsed
Tue Sep 11 21:43:02 2018 INFO 1
Tue Sep 11 22:13:34 2018 INFO Survey says
Tue Sep 11 22:13:34 2018 INFO minecraft_server.1.13.1.jar - https://launcher.mojang.com/v1/objects/fe123682e9cb30031eae351764f653500b7396c9/server.jar
Tue Sep 11 22:13:37 2018 INFO Survey says
Tue Sep 11 22:13:37 2018 INFO minecraft_server.1.13.1.jar - https://launcher.mojang.com/v1/objects/fe123682e9cb30031eae351764f653500b7396c9/server.jar
Tue Sep 11 22:13:39 2018 INFO Survey says
Tue Sep 11 22:13:39 2018 INFO minecraft_server.1.13.1.jar - https://launcher.mojang.com/v1/objects/fe123682e9cb30031eae351764f653500b7396c9/server.jar
Tue Sep 11 22:13:42 2018 INFO Survey says
Tue Sep 11 22:13:42 2018 INFO minecraft_server.1.13.1.jar - https://launcher.mojang.com/v1/objects/fe123682e9cb30031eae351764f653500b7396c9/server.jar
Tue Sep 11 22:13:44 2018 INFO Survey says
Tue Sep 11 22:13:44 2018 INFO minecraft_server.1.13.1.jar - https://launcher.mojang.com/v1/objects/fe123682e9cb30031eae351764f653500b7396c9/server.jar
Tue Sep 11 22:13:47 2018 INFO Survey says
Tue Sep 11 22:13:47 2018 INFO minecraft_server.1.13.1.jar - https://launcher.mojang.com/v1/objects/fe123682e9cb30031eae351764f653500b7396c9/server.jar
Tue Sep 11 22:13:49 2018 INFO Survey says
Tue Sep 11 22:13:49 2018 INFO minecraft_server.1.13.1.jar - https://launcher.mojang.com/v1/objects/fe123682e9cb30031eae351764f653500b7396c9/server.jar
Tue Sep 11 22:13:52 2018 INFO Survey says
Tue Sep 11 22:13:52 2018 INFO minecraft_server.1.13.1.jar - https://launcher.mojang.com/v1/objects/fe123682e9cb30031eae351764f653500b7396c9/server.jar
Tue Sep 11 22:13:54 2018 INFO Survey says
Tue Sep 11 22:13:54 2018 INFO minecraft_server.1.13.1.jar - https://launcher.mojang.com/v1/objects/fe123682e9cb30031eae351764f653500b7396c9/server.jar
Tue Sep 11 22:13:56 2018 INFO Survey says
Tue Sep 11 22:13:56 2018 INFO minecraft_server.1.13.1.jar - https://launcher.mojang.com/v1/objects/fe123682e9cb30031eae351764f653500b7396c9/server.jar
Tue Sep 11 22:14:38 2018 INFO [11/Sep/2018:22:14:38 -0700] "GET / HTTP/1.1"  "-" "Mozilla/5.0 (X11; FreeBSD amd64; rv:60.0) Gecko/20100101 Firefox/60.0" 
Tue Sep 11 22:14:38 2018 INFO 
Tue Sep 11 22:14:44 2018 INFO [11/Sep/2018:22:14:44 -0700] "GET / HTTP/1.1"  "-" "Mozilla/5.0 (X11; FreeBSD amd64; rv:60.0) Gecko/20100101 Firefox/60.0" 
Tue Sep 11 22:14:53 2018 INFO message could not be parsed
Tue Sep 11 22:14:53 2018 INFO 1
Tue Sep 11 22:18:24 2018 INFO Survey says
Tue Sep 11 22:18:24 2018 INFO minecraft_server.1.13.1.jar - https://launcher.mojang.com/v1/objects/fe123682e9cb30031eae351764f653500b7396c9/server.jar
Tue Sep 11 22:18:27 2018 INFO Survey says
Tue Sep 11 22:18:27 2018 INFO minecraft_server.1.13.1.jar - https://launcher.mojang.com/v1/objects/fe123682e9cb30031eae351764f653500b7396c9/server.jar
Tue Sep 11 22:18:29 2018 INFO Survey says
Tue Sep 11 22:18:29 2018 INFO minecraft_server.1.13.1.jar - https://launcher.mojang.com/v1/objects/fe123682e9cb30031eae351764f653500b7396c9/server.jar
Tue Sep 11 22:18:32 2018 INFO Survey says
Tue Sep 11 22:18:32 2018 INFO minecraft_server.1.13.1.jar - https://launcher.mojang.com/v1/objects/fe123682e9cb30031eae351764f653500b7396c9/server.jar
Tue Sep 11 22:18:34 2018 INFO Survey says
Tue Sep 11 22:18:34 2018 INFO minecraft_server.1.13.1.jar - https://launcher.mojang.com/v1/objects/fe123682e9cb30031eae351764f653500b7396c9/server.jar
Tue Sep 11 22:18:37 2018 INFO Survey says
Tue Sep 11 22:18:37 2018 INFO minecraft_server.1.13.1.jar - https://launcher.mojang.com/v1/objects/fe123682e9cb30031eae351764f653500b7396c9/server.jar
Tue Sep 11 22:18:39 2018 INFO Survey says
Tue Sep 11 22:18:39 2018 INFO minecraft_server.1.13.1.jar - https://launcher.mojang.com/v1/objects/fe123682e9cb30031eae351764f653500b7396c9/server.jar
Tue Sep 11 22:21:59 2018 INFO Survey says
Tue Sep 11 22:21:59 2018 INFO minecraft_server.1.13.1.jar - https://launcher.mojang.com/v1/objects/fe123682e9cb30031eae351764f653500b7396c9/server.jar
Tue Sep 11 22:22:01 2018 INFO Survey says
Tue Sep 11 22:22:01 2018 INFO minecraft_server.1.13.1.jar - https://launcher.mojang.com/v1/objects/fe123682e9cb30031eae351764f653500b7396c9/server.jar
Tue Sep 11 22:22:04 2018 INFO Survey says
Tue Sep 11 22:22:04 2018 INFO minecraft_server.1.13.1.jar - https://launcher.mojang.com/v1/objects/fe123682e9cb30031eae351764f653500b7396c9/server.jar
Tue Sep 11 22:22:06 2018 INFO Survey says
Tue Sep 11 22:22:06 2018 INFO minecraft_server.1.13.1.jar - https://launcher.mojang.com/v1/objects/fe123682e9cb30031eae351764f653500b7396c9/server.jar
Tue Sep 11 22:22:08 2018 INFO Survey says
Tue Sep 11 22:22:08 2018 INFO minecraft_server.1.13.1.jar - https://launcher.mojang.com/v1/objects/fe123682e9cb30031eae351764f653500b7396c9/server.jar
Tue Sep 11 22:22:11 2018 INFO Survey says
Tue Sep 11 22:22:11 2018 INFO minecraft_server.1.13.1.jar - https://launcher.mojang.com/v1/objects/fe123682e9cb30031eae351764f653500b7396c9/server.jar
Tue Sep 11 22:22:13 2018 INFO Survey says
Tue Sep 11 22:22:13 2018 INFO minecraft_server.1.13.1.jar - https://launcher.mojang.com/v1/objects/fe123682e9cb30031eae351764f653500b7396c9/server.jar
Tue Sep 11 22:22:16 2018 INFO Survey says
Tue Sep 11 22:22:16 2018 INFO minecraft_server.1.13.1.jar - https://launcher.mojang.com/v1/objects/fe123682e9cb30031eae351764f653500b7396c9/server.jar
Tue Sep 11 22:22:18 2018 INFO Survey says
Tue Sep 11 22:22:18 2018 INFO minecraft_server.1.13.1.jar - https://launcher.mojang.com/v1/objects/fe123682e9cb30031eae351764f653500b7396c9/server.jar
Tue Sep 11 22:22:21 2018 INFO Survey says
Tue Sep 11 22:22:21 2018 INFO minecraft_server.1.13.1.jar - https://launcher.mojang.com/v1/objects/fe123682e9cb30031eae351764f653500b7396c9/server.jar
Tue Sep 11 22:22:32 2018 INFO Survey says
Tue Sep 11 22:22:32 2018 INFO minecraft_server.1.13.1.jar - https://launcher.mojang.com/v1/objects/fe123682e9cb30031eae351764f653500b7396c9/server.jar
Tue Sep 11 22:22:34 2018 INFO Survey says
Tue Sep 11 22:22:34 2018 INFO minecraft_server.1.13.1.jar - https://launcher.mojang.com/v1/objects/fe123682e9cb30031eae351764f653500b7396c9/server.jar
Tue Sep 11 22:22:37 2018 INFO Survey says
Tue Sep 11 22:22:37 2018 INFO minecraft_server.1.13.1.jar - https://launcher.mojang.com/v1/objects/fe123682e9cb30031eae351764f653500b7396c9/server.jar
Tue Sep 11 22:22:54 2018 INFO Survey says
Tue Sep 11 22:22:54 2018 INFO minecraft_server.1.13.1.jar - https://launcher.mojang.com/v1/objects/fe123682e9cb30031eae351764f653500b7396c9/server.jar
Tue Sep 11 22:22:56 2018 INFO Survey says
Tue Sep 11 22:22:56 2018 INFO minecraft_server.1.13.1.jar - https://launcher.mojang.com/v1/objects/fe123682e9cb30031eae351764f653500b7396c9/server.jar
Tue Sep 11 22:22:59 2018 INFO Survey says
Tue Sep 11 22:22:59 2018 INFO minecraft_server.1.13.1.jar - https://launcher.mojang.com/v1/objects/fe123682e9cb30031eae351764f653500b7396c9/server.jar
Tue Sep 11 22:23:01 2018 INFO Survey says
Tue Sep 11 22:23:01 2018 INFO minecraft_server.1.13.1.jar - https://launcher.mojang.com/v1/objects/fe123682e9cb30031eae351764f653500b7396c9/server.jar
Tue Sep 11 22:23:03 2018 INFO Survey says
Tue Sep 11 22:23:03 2018 INFO minecraft_server.1.13.1.jar - https://launcher.mojang.com/v1/objects/fe123682e9cb30031eae351764f653500b7396c9/server.jar
Tue Sep 11 22:23:06 2018 INFO Survey says
Tue Sep 11 22:23:06 2018 INFO minecraft_server.1.13.1.jar - https://launcher.mojang.com/v1/objects/fe123682e9cb30031eae351764f653500b7396c9/server.jar
Tue Sep 11 22:23:08 2018 INFO Survey says
Tue Sep 11 22:23:08 2018 INFO minecraft_server.1.13.1.jar - https://launcher.mojang.com/v1/objects/fe123682e9cb30031eae351764f653500b7396c9/server.jar
Tue Sep 11 22:23:10 2018 INFO Survey says
Tue Sep 11 22:23:10 2018 INFO minecraft_server.1.13.1.jar - https://launcher.mojang.com/v1/objects/fe123682e9cb30031eae351764f653500b7396c9/server.jar
Tue Sep 11 22:23:12 2018 INFO Survey says
Tue Sep 11 22:23:12 2018 INFO minecraft_server.1.13.1.jar - https://launcher.mojang.com/v1/objects/fe123682e9cb30031eae351764f653500b7396c9/server.jar
Tue Sep 11 22:23:15 2018 INFO Survey says
Tue Sep 11 22:23:15 2018 INFO minecraft_server.1.13.1.jar - https://launcher.mojang.com/v1/objects/fe123682e9cb30031eae351764f653500b7396c9/server.jar
Tue Sep 11 22:35:11 2018 INFO Found new file: minecraft_server.1.13.1.jar - nil
Tue Sep 11 22:37:25 2018 INFO Found new file: minecraft_server.1.13.1.jar - https://launcher.mojang.com/v1/objects/fe123682e9cb30031eae351764f653500b7396c9/server.jar
Tue Sep 11 22:38:24 2018 INFO Found new file: minecraft_server.1.13.1.jar - https://launcher.mojang.com/v1/objects/fe123682e9cb30031eae351764f653500b7396c9/server.jar
Tue Sep 11 22:39:09 2018 INFO Found new file: minecraft_server.1.13.1.jar - https://launcher.mojang.com/v1/objects/fe123682e9cb30031eae351764f653500b7396c9/server.jar
Tue Sep 11 22:39:58 2018 INFO Found new file: minecraft_server.1.13.1.jar - https://launcher.mojang.com/v1/objects/fe123682e9cb30031eae351764f653500b7396c9/server.jar
Tue Sep 11 22:41:13 2018 INFO Found new file: minecraft_server.1.13.1.jar - https://launcher.mojang.com/v1/objects/fe123682e9cb30031eae351764f653500b7396c9/server.jar
Tue Sep 11 22:41:29 2018 INFO Download Complete.
Tue Sep 11 22:41:33 2018 INFO [11/Sep/2018:22:41:33 -0700] "GET / HTTP/1.1"  "-" "Mozilla/5.0 (X11; FreeBSD amd64; rv:60.0) Gecko/20100101 Firefox/60.0" 
Tue Sep 11 22:41:35 2018 INFO message could not be parsed
Tue Sep 11 22:41:35 2018 INFO 1
Tue Sep 11 22:41:50 2018 INFO Found new file: minecraft_server.1.13.1.jar - https://launcher.mojang.com/v1/objects/fe123682e9cb30031eae351764f653500b7396c9/server.jar
Tue Sep 11 22:41:55 2018 INFO [11/Sep/2018:22:41:55 -0700] "GET / HTTP/1.1"  "-" "Mozilla/5.0 (X11; FreeBSD amd64; rv:60.0) Gecko/20100101 Firefox/60.0" 
Tue Sep 11 22:41:56 2018 INFO message could not be parsed
Tue Sep 11 22:41:56 2018 INFO 1
Tue Sep 11 22:41:57 2018 INFO message could not be parsed
Tue Sep 11 22:41:57 2018 INFO 1
Tue Sep 11 22:41:59 2018 ERROR nil
Tue Sep 11 22:41:59 2018 INFO removed 8e984ac9-b64e-11e8-acca-0800273f3af6
Tue Sep 11 22:41:59 2018 INFO [11/Sep/2018:22:41:59 -0700] "GET / HTTP/1.1"  "-" "Mozilla/5.0 (X11; FreeBSD amd64; rv:60.0) Gecko/20100101 Firefox/60.0" 
Tue Sep 11 22:41:59 2018 INFO 
Tue Sep 11 22:42:00 2018 INFO Download Complete.
Tue Sep 11 22:42:08 2018 INFO [11/Sep/2018:22:42:08 -0700] "GET / HTTP/1.1"  "-" "Mozilla/5.0 (X11; FreeBSD amd64; rv:60.0) Gecko/20100101 Firefox/60.0" 
Tue Sep 11 22:42:09 2018 INFO message could not be parsed
Tue Sep 11 22:42:09 2018 INFO 1
